<?xml version="1.0" encoding="UTF-8"?>
<!-- Generated by org.testng.reporters.JUnitReportReporter -->
<testsuite hostname="RFL596" failures="0" tests="7" name="com.employee.testcases.TC005_PUT_Update_Employee_Record" time="1.111" errors="0" timestamp="2022-11-28T19:56:00 IST" skipped="0">
  <testcase classname="com.employee.testcases.TC005_PUT_Update_Employee_Record" name="postemployee" time="1.109"/>
  <system-out/>
  <testcase classname="com.employee.testcases.TC005_PUT_Update_Employee_Record" name="checkResponsebody" time="0.001"/>
  <system-out/>
  <testcase classname="com.employee.testcases.TC005_PUT_Update_Employee_Record" name="checkStatusCode" time="0.000"/>
  <system-out/>
  <testcase classname="com.employee.testcases.TC005_PUT_Update_Employee_Record" name="checkResponseTime" time="0.000"/>
  <system-out/>
  <testcase classname="com.employee.testcases.TC005_PUT_Update_Employee_Record" name="checkStatusline" time="0.000"/>
  <system-out/>
  <testcase classname="com.employee.testcases.TC005_PUT_Update_Employee_Record" name="checkContentType" time="0.000"/>
  <system-out/>
  <testcase classname="com.employee.testcases.TC005_PUT_Update_Employee_Record" name="checkContentLength" time="0.001"/>
  <system-out/>
</testsuite> <!-- com.employee.testcases.TC005_PUT_Update_Employee_Record -->
