<?xml version="1.0" encoding="UTF-8"?>
<!-- Generated by org.testng.reporters.JUnitReportReporter -->
<testsuite hostname="RFL596" failures="0" tests="7" name="com.employee.testcases.TC004_POST_Employee_Record_with_Random_data" time="1.180" errors="0" timestamp="2022-11-28T19:56:00 IST" skipped="0">
  <testcase classname="com.employee.testcases.TC004_POST_Employee_Record_with_Random_data" name="postemployee" time="1.179"/>
  <system-out/>
  <testcase classname="com.employee.testcases.TC004_POST_Employee_Record_with_Random_data" name="checkResponsebody" time="0.001"/>
  <system-out/>
  <testcase classname="com.employee.testcases.TC004_POST_Employee_Record_with_Random_data" name="checkStatusCode" time="0.000"/>
  <system-out/>
  <testcase classname="com.employee.testcases.TC004_POST_Employee_Record_with_Random_data" name="checkResponseTime" time="0.000"/>
  <system-out/>
  <testcase classname="com.employee.testcases.TC004_POST_Employee_Record_with_Random_data" name="checkStatusline" time="0.000"/>
  <system-out/>
  <testcase classname="com.employee.testcases.TC004_POST_Employee_Record_with_Random_data" name="checkContentType" time="0.000"/>
  <system-out/>
  <testcase classname="com.employee.testcases.TC004_POST_Employee_Record_with_Random_data" name="checkContentLength" time="0.000"/>
  <system-out/>
</testsuite> <!-- com.employee.testcases.TC004_POST_Employee_Record_with_Random_data -->
