<?xml version="1.0" encoding="UTF-8"?>
<!-- Generated by org.testng.reporters.JUnitReportReporter -->
<testsuite hostname="RFL596" failures="0" tests="10" name="com.employee.testcases.TC003_POST_Employee_Record" time="4.422" errors="0" timestamp="2022-11-28T19:56:00 IST" skipped="0">
  <testcase classname="com.employee.testcases.TC003_POST_Employee_Record" name="postemployee" time="1.036"/>
  <system-out/>
  <testcase classname="com.employee.testcases.TC003_POST_Employee_Record" name="postemployee" time="1.099"/>
  <system-out/>
  <testcase classname="com.employee.testcases.TC003_POST_Employee_Record" name="postemployee" time="1.072"/>
  <system-out/>
  <testcase classname="com.employee.testcases.TC003_POST_Employee_Record" name="postemployee" time="1.200"/>
  <system-out/>
  <testcase classname="com.employee.testcases.TC003_POST_Employee_Record" name="checkResponsebody" time="0.001"/>
  <system-out/>
  <testcase classname="com.employee.testcases.TC003_POST_Employee_Record" name="checkStatusCode" time="0.001"/>
  <system-out/>
  <testcase classname="com.employee.testcases.TC003_POST_Employee_Record" name="checkResponseTime" time="0.001"/>
  <system-out/>
  <testcase classname="com.employee.testcases.TC003_POST_Employee_Record" name="checkStatusline" time="0.000"/>
  <system-out/>
  <testcase classname="com.employee.testcases.TC003_POST_Employee_Record" name="checkContentType" time="0.011"/>
  <system-out/>
  <testcase classname="com.employee.testcases.TC003_POST_Employee_Record" name="checkContentLength" time="0.001"/>
  <system-out/>
</testsuite> <!-- com.employee.testcases.TC003_POST_Employee_Record -->
