<?xml version="1.0" encoding="UTF-8"?>
<!-- Generated by org.testng.reporters.JUnitReportReporter -->
<testsuite hostname="RFL596" failures="0" tests="6" name="com.employee.testcases.TC001_GET_All_Employees" time="0.024" errors="0" timestamp="2022-11-28T19:56:00 IST" skipped="0">
  <testcase classname="com.employee.testcases.TC001_GET_All_Employees" name="checkResponsebody" time="0.017"/>
  <system-out/>
  <testcase classname="com.employee.testcases.TC001_GET_All_Employees" name="checkStatusCode" time="0.001"/>
  <system-out/>
  <testcase classname="com.employee.testcases.TC001_GET_All_Employees" name="checkResponseTime" time="0.002"/>
  <system-out/>
  <testcase classname="com.employee.testcases.TC001_GET_All_Employees" name="checkStatusline" time="0.001"/>
  <system-out/>
  <testcase classname="com.employee.testcases.TC001_GET_All_Employees" name="checkContentType" time="0.001"/>
  <system-out/>
  <testcase classname="com.employee.testcases.TC001_GET_All_Employees" name="checkServerType" time="0.002"/>
  <system-out/>
</testsuite> <!-- com.employee.testcases.TC001_GET_All_Employees -->
